Compiling the C compiler identification source file "CMakeCCompilerId.c" failed.
Compiler: /usr/bin/gcc 
Build flags: 
Id flags: 

The output was:
1
CMakeCCompilerId.c:187: fatal error: error closing /tmp/cc60nE7z.s: No space left on device
compilation terminated.


Compiling the C compiler identification source file "CMakeCCompilerId.c" failed.
Compiler: /usr/bin/gcc 
Build flags: 
Id flags: -c

The output was:
1
CMakeCCompilerId.c:187: fatal error: error closing /tmp/cco0iwIo.s: No space left on device
compilation terminated.


Compiling the C compiler identification source file "CMakeCCompilerId.c" failed.
Compiler: /usr/bin/gcc 
Build flags: 
Id flags: -Aa

The output was:
1
<command-line>: error: missing '(' after predicate
CMakeCCompilerId.c:187: fatal error: error closing /tmp/cc7JN9hp.s: No space left on device
compilation terminated.


Compiling the CXX compiler identification source file "CMakeCXXCompilerId.cpp" failed.
Compiler: /usr/bin/c++ 
Build flags: 
Id flags: 

The output was:
1
CMakeCXXCompilerId.cpp:73: warning: deprecated conversion from string constant to ‘char*’
CMakeCXXCompilerId.cpp:163: warning: deprecated conversion from string constant to ‘char*’
CMakeCXXCompilerId.cpp:175: fatal error: error closing /tmp/ccDpInbv.s: No space left on device
compilation terminated.


Compiling the CXX compiler identification source file "CMakeCXXCompilerId.cpp" failed.
Compiler: /usr/bin/c++ 
Build flags: 
Id flags: -c

The output was:
1
CMakeCXXCompilerId.cpp:73: warning: deprecated conversion from string constant to ‘char*’
CMakeCXXCompilerId.cpp:163: warning: deprecated conversion from string constant to ‘char*’
CMakeCXXCompilerId.cpp:175: fatal error: error closing /tmp/ccVskREz.s: No space left on device
compilation terminated.


Determining if the C compiler works failed with the following output:
Change Dir: /var/git/gus/doc/GROUP5/proto/src/mysql-connector-c++-1.1.0/CMakeFiles/CMakeTmp

Run Build Command:/usr/bin/make "cmTryCompileExec/fast"
/usr/bin/make -f CMakeFiles/cmTryCompileExec.dir/build.make CMakeFiles/cmTryCompileExec.dir/build
make[1]: Entering directory `/media/P2/var/git/gus/doc/GROUP5/proto/src/mysql-connector-c++-1.1.0/CMakeFiles/CMakeTmp'
/usr/bin/cmake -E cmake_progress_report /var/git/gus/doc/GROUP5/proto/src/mysql-connector-c++-1.1.0/CMakeFiles/CMakeTmp/CMakeFiles 1
/usr/bin/cmake: /usr/local/lib/liblber-2.4.so.2: no version information available (required by /usr/lib/libcurl-gnutls.so.4)
/usr/bin/cmake: /usr/local/lib/libldap_r-2.4.so.2: no version information available (required by /usr/lib/libcurl-gnutls.so.4)
Building C object CMakeFiles/cmTryCompileExec.dir/testCCompiler.c.o
/usr/bin/gcc    -o CMakeFiles/cmTryCompileExec.dir/testCCompiler.c.o   -c /var/git/gus/doc/GROUP5/proto/src/mysql-connector-c++-1.1.0/CMakeFiles/CMakeTmp/testCCompiler.c
/var/git/gus/doc/GROUP5/proto/src/mysql-connector-c++-1.1.0/CMakeFiles/CMakeTmp/testCCompiler.c:11: fatal error: error closing /tmp/ccRFf29L.s: No space left on device
compilation terminated.
make[1]: Leaving directory `/media/P2/var/git/gus/doc/GROUP5/proto/src/mysql-connector-c++-1.1.0/CMakeFiles/CMakeTmp'
make[1]: *** [CMakeFiles/cmTryCompileExec.dir/testCCompiler.c.o] Error 1
make: *** [cmTryCompileExec/fast] Error 2


